{
  "stats": {
    "suites": 1,
    "tests": 1,
    "passes": 1,
    "pending": 0,
    "failures": 0,
    "start": "2022-03-19T07:14:37.142Z",
    "end": "2022-03-19T07:14:45.845Z",
    "duration": 8703,
    "testsRegistered": 1,
    "passPercent": 100,
    "pendingPercent": 0,
    "other": 0,
    "hasOther": false,
    "skipped": 0,
    "hasSkipped": false
  },
  "results": [
    {
      "uuid": "ee3a164d-33b5-4d5a-83d5-14e432f53a7d",
      "title": "",
      "fullFile": "cypress/integration/testScripts/firstUrl.spec.js",
      "file": "cypress/integration/testScripts/firstUrl.spec.js",
      "beforeHooks": [],
      "afterHooks": [],
      "tests": [],
      "suites": [
        {
          "uuid": "4e522069-629d-473e-966f-219cfccb87e6",
          "title": "First URL Sample",
          "fullFile": "",
          "file": "",
          "beforeHooks": [],
          "afterHooks": [],
          "tests": [
            {
              "title": "URL Test",
              "fullTitle": "First URL Sample URL Test",
              "timedOut": null,
              "duration": 5297,
              "state": "passed",
              "speed": "medium",
              "pass": true,
              "fail": false,
              "pending": false,
              "context": null,
              "code": "cy.visit('https://books.toscrape.com/');\ncy.url().should('include', 'books'); // cy.contains('Travel').click()\ncy.get('a').contains('Travel').click();\ncy.log('Navigated to Travel Page....');",
              "err": {},
              "uuid": "054522b8-2f49-4ee3-986c-4d768cd7d14d",
              "parentUUID": "4e522069-629d-473e-966f-219cfccb87e6",
              "isHook": false,
              "skipped": false
            }
          ],
          "suites": [],
          "passes": [
            "054522b8-2f49-4ee3-986c-4d768cd7d14d"
          ],
          "failures": [],
          "pending": [],
          "skipped": [],
          "duration": 5297,
          "root": false,
          "rootEmpty": false,
          "_timeout": 2000
        }
      ],
      "passes": [],
      "failures": [],
      "pending": [],
      "skipped": [],
      "duration": 0,
      "root": true,
      "rootEmpty": true,
      "_timeout": 2000
    }
  ],
  "meta": {
    "mocha": {
      "version": "7.0.1"
    },
    "mochawesome": {
      "options": {
        "quiet": false,
        "reportFilename": "mochawesome",
        "saveHtml": false,
        "saveJson": true,
        "consoleReporter": "spec",
        "useInlineDiffs": false,
        "code": true
      },
      "version": "7.1.2"
    },
    "marge": {
      "options": {
        "id": "default",
        "reportDir": "cypress/results/mochawesome",
        "overwrite": false,
        "html": false,
        "json": true
      },
      "version": "6.1.1"
    }
  }
}