{
  "stats": {
    "suites": 1,
    "tests": 1,
    "passes": 1,
    "pending": 0,
    "failures": 0,
    "start": "2022-03-19T07:33:55.496Z",
    "end": "2022-03-19T07:34:03.168Z",
    "duration": 7672,
    "testsRegistered": 1,
    "passPercent": 100,
    "pendingPercent": 0,
    "other": 0,
    "hasOther": false,
    "skipped": 0,
    "hasSkipped": false
  },
  "results": [
    {
      "uuid": "ebb7d32d-21a5-45fa-ac3f-fbcb546849fa",
      "title": "",
      "fullFile": "cypress/integration/testScripts/firstUrl.spec.js",
      "file": "cypress/integration/testScripts/firstUrl.spec.js",
      "beforeHooks": [],
      "afterHooks": [],
      "tests": [],
      "suites": [
        {
          "uuid": "05f3647e-a476-4687-b6fe-e7289d19d262",
          "title": "First URL Sample",
          "fullFile": "",
          "file": "",
          "beforeHooks": [],
          "afterHooks": [],
          "tests": [
            {
              "title": "URL Test",
              "fullTitle": "First URL Sample URL Test",
              "timedOut": null,
              "duration": 4381,
              "state": "passed",
              "speed": "fast",
              "pass": true,
              "fail": false,
              "pending": false,
              "context": null,
              "code": "cy.visit('https://books.toscrape.com/');\ncy.url().should('include', 'books'); // cy.contains('Travel').click()\ncy.get('a').contains('Travel').click();\ncy.log('Navigated to Travel Page....');",
              "err": {},
              "uuid": "fe5ceb5e-de3e-436a-884a-50c22cdb7340",
              "parentUUID": "05f3647e-a476-4687-b6fe-e7289d19d262",
              "isHook": false,
              "skipped": false
            }
          ],
          "suites": [],
          "passes": [
            "fe5ceb5e-de3e-436a-884a-50c22cdb7340"
          ],
          "failures": [],
          "pending": [],
          "skipped": [],
          "duration": 4381,
          "root": false,
          "rootEmpty": false,
          "_timeout": 2000
        }
      ],
      "passes": [],
      "failures": [],
      "pending": [],
      "skipped": [],
      "duration": 0,
      "root": true,
      "rootEmpty": true,
      "_timeout": 2000
    }
  ],
  "meta": {
    "mocha": {
      "version": "7.0.1"
    },
    "mochawesome": {
      "options": {
        "quiet": false,
        "reportFilename": "mochawesome",
        "saveHtml": false,
        "saveJson": true,
        "consoleReporter": "spec",
        "useInlineDiffs": false,
        "code": true
      },
      "version": "7.1.2"
    },
    "marge": {
      "options": {
        "id": "default",
        "reportDir": "cypress/results/mochawesome",
        "overwrite": false,
        "html": false,
        "json": true
      },
      "version": "6.1.1"
    }
  }
}