{
  "stats": {
    "suites": 1,
    "tests": 1,
    "passes": 1,
    "pending": 0,
    "failures": 0,
    "start": "2022-03-19T06:44:38.957Z",
    "end": "2022-03-19T06:44:46.593Z",
    "duration": 7636,
    "testsRegistered": 1,
    "passPercent": 100,
    "pendingPercent": 0,
    "other": 0,
    "hasOther": false,
    "skipped": 0,
    "hasSkipped": false
  },
  "results": [
    {
      "uuid": "2963a93a-31a5-4829-aac5-994a24775bf6",
      "title": "",
      "fullFile": "cypress/integration/testScripts/firstUrl.spec.js",
      "file": "cypress/integration/testScripts/firstUrl.spec.js",
      "beforeHooks": [],
      "afterHooks": [],
      "tests": [],
      "suites": [
        {
          "uuid": "e38c8108-1b1a-40ea-8048-c427e510d9d1",
          "title": "First URL Sample",
          "fullFile": "",
          "file": "",
          "beforeHooks": [],
          "afterHooks": [],
          "tests": [
            {
              "title": "URL Test",
              "fullTitle": "First URL Sample URL Test",
              "timedOut": null,
              "duration": 4480,
              "state": "passed",
              "speed": "fast",
              "pass": true,
              "fail": false,
              "pending": false,
              "context": null,
              "code": "cy.visit('https://books.toscrape.com/');\ncy.url().should('include', 'books'); // cy.contains('Travel').click()\ncy.get('a').contains('Travel').click();\ncy.log('Navigated to Travel Page....');",
              "err": {},
              "uuid": "d00d20ee-8981-47f3-b9f0-428bdd1ce416",
              "parentUUID": "e38c8108-1b1a-40ea-8048-c427e510d9d1",
              "isHook": false,
              "skipped": false
            }
          ],
          "suites": [],
          "passes": [
            "d00d20ee-8981-47f3-b9f0-428bdd1ce416"
          ],
          "failures": [],
          "pending": [],
          "skipped": [],
          "duration": 4480,
          "root": false,
          "rootEmpty": false,
          "_timeout": 2000
        }
      ],
      "passes": [],
      "failures": [],
      "pending": [],
      "skipped": [],
      "duration": 0,
      "root": true,
      "rootEmpty": true,
      "_timeout": 2000
    }
  ],
  "meta": {
    "mocha": {
      "version": "7.0.1"
    },
    "mochawesome": {
      "options": {
        "quiet": false,
        "reportFilename": "mochawesome",
        "saveHtml": true,
        "saveJson": true,
        "consoleReporter": "spec",
        "useInlineDiffs": false,
        "code": true
      },
      "version": "7.1.2"
    },
    "marge": {
      "options": {
        "configFile": "reports-config.json"
      },
      "version": "6.1.1"
    }
  }
}